C251 COMPILER V5.60.0,  DebugPrintf                                                        21/09/22  22:20:50  PAGE 1   


C251 COMPILER V5.60.0, COMPILATION OF MODULE DebugPrintf
OBJECT MODULE PLACED IN .\Objects\DebugPrintf.obj
COMPILER INVOKED BY: D:\SDK\Keil_V5\C251\BIN\C251.EXE Sources\User\DebugPrintf.c XSMALL OA FUNCTIONS(REENTRANT) ROM(HUGE
                    -) INCDIR(.\Sources\User;.\Sources\User\include;.\Sources\FreeRTOS\include;.\Sources\FreeRTOS\portable\STC32G12K128;.\Sou
                    -rces\TinyMaix) PRINT(.\Listings\DebugPrintf.lst) TABS(2) OBJECT(.\Objects\DebugPrintf.obj) 

stmt  level    source

    1          /*---------------------------------------------------------------------*/
    2          /* --- STC MCU Limited ------------------------------------------------*/
    3          /* --- STC 1T Series MCU Demo Programme -------------------------------*/
    4          /* --- Mobile: (86)13922805190 ----------------------------------------*/
    5          /* --- Fax: 86-0513-55012956,55012947,55012969 ------------------------*/
    6          /* --- Tel: 86-0513-55012928,55012929,55012966 ------------------------*/
    7          /* --- Web: www.STCMCU.com --------------------------------------------*/
    8          /* --- Web: www.STCMCUDATA.com  ---------------------------------------*/
    9          /* --- QQ:  800003751 -------------------------------------------------*/
   10          /* 如果要在程序中使用此代码,请在程序中注明使用了STC的资料及程序            */
   11          /*---------------------------------------------------------------------*/
   12          
   13          
   14          /*************  功能说明    **************
   15          
   16          包含printf所需函数，重定向到串口输出，可用于调试打印信息.
   17          
   18          ******************************************/
   19          
   20          #include "FreeRTOS.h"
   21          #include "DebugPrintf.h"
   22          
   23          #define Baudrate      115200L
   24          #define TM            (65536 -(MAIN_Fosc/Baudrate/4))
   25          
   26          /******************** 串口打印函数 ********************/
   27          void DebugPrintfInit(void)
   28          {
   29   1        SCON = (SCON & 0x3f) | 0x40; 
   30   1        AUXR |= 0x40;   //定时器时钟1T模式
   31   1        AUXR &= 0xFE;   //串口1选择定时器1为波特率发生器
   32   1        TL1  = TM;
   33   1        TH1  = TM>>8;
   34   1        TR1 = 1;        //定时器1开始计时
   35   1      }
   36          
   37          void UartPutc(unsigned char dat)
   38          {
   39   1        SBUF = dat; 
   40   1        while(TI==0);
   41   1        TI = 0;
   42   1      }


Module Information          Static   Overlayable
------------------------------------------------
  code size            =    ------     ------
  ecode size           =        38     ------
  data size            =    ------     ------
  idata size           =    ------     ------
  pdata size           =    ------     ------
  xdata size           =    ------     ------
  xdata-const size     =    ------     ------
  edata size           =    ------     ------
  bit size             =    ------     ------
  ebit size            =    ------     ------
  bitaddressable size  =    ------     ------
  ebitaddressable size =    ------     ------
C251 COMPILER V5.60.0,  DebugPrintf                                                        21/09/22  22:20:50  PAGE 2   

  far data size        =    ------     ------
  huge data size       =    ------     ------
  const size           =    ------     ------
  hconst size          =    ------     ------
End of Module Information.


C251 COMPILATION COMPLETE.  0 WARNING(S),  0 ERROR(S)
