C251 COMPILER V5.60.0,  putchar                                                            25/09/22  12:41:23  PAGE 1   


C251 COMPILER V5.60.0, COMPILATION OF MODULE putchar
OBJECT MODULE PLACED IN .\Objects\putchar.obj
COMPILER INVOKED BY: D:\Keil_v5\C251\BIN\C251.EXE Sources\User\putchar.c XSMALL HPTR OA INCDIR(.\Sources\User;.\Sources\
                    -User\include;.\Sources\FreeRTOS\include;.\Sources\FreeRTOS\portable\STC32G12K128;.\Sources\TinyMaix) PRINT(.\Listings\pu
                    -tchar.lst) TABS(2) OBJECT(.\Objects\putchar.obj) 

stmt  level    source

    1          /*---------------------------------------------------------------------*/
    2          /* --- STC MCU Limited ------------------------------------------------*/
    3          /* --- STC 1T Series MCU Demo Programme -------------------------------*/
    4          /* --- Mobile: (86)13922805190 ----------------------------------------*/
    5          /* --- Fax: 86-0513-55012956,55012947,55012969 ------------------------*/
    6          /* --- Tel: 86-0513-55012928,55012929,55012966 ------------------------*/
    7          /* --- Web: www.STCMCU.com --------------------------------------------*/
    8          /* --- Web: www.STCMCUDATA.com  ---------------------------------------*/
    9          /* --- QQ:  800003751 -------------------------------------------------*/
   10          /* 如果要在程序中使用此代码,请在程序中注明使用了STC的资料及程序            */
   11          /*---------------------------------------------------------------------*/
   12          
   13          
   14          /*************  功能说明    **************
   15          
   16          重写printf调用的putchar函数，重定向到串口输出，可用于调试打印信息.
   17          
   18          ******************************************/
   19          
   20          extern void UartSend(unsigned char dat) reentrant;
   21          
   22          char putchar(char c)
   23          {
   24   1        UartSend(c);
   25   1        return c;
   26   1      }


Module Information          Static   Overlayable
------------------------------------------------
  code size            =        12     ------
  ecode size           =    ------     ------
  data size            =    ------     ------
  idata size           =    ------     ------
  pdata size           =    ------     ------
  xdata size           =    ------     ------
  xdata-const size     =    ------     ------
  edata size           =    ------     ------
  bit size             =    ------     ------
  ebit size            =    ------     ------
  bitaddressable size  =    ------     ------
  ebitaddressable size =    ------     ------
  far data size        =    ------     ------
  huge data size       =    ------     ------
  const size           =    ------     ------
  hconst size          =    ------     ------
End of Module Information.


C251 COMPILATION COMPLETE.  0 WARNING(S),  0 ERROR(S)
