C251 COMPILER V5.60.0,  rtc                                                                21/09/22  15:15:38  PAGE 1   


C251 COMPILER V5.60.0, COMPILATION OF MODULE rtc
OBJECT MODULE PLACED IN .\Objects\rtc.obj
COMPILER INVOKED BY: D:\SDK\Keil_V5\C251\BIN\C251.EXE Sources\User\rtc.c XSMALL OA FUNCTIONS(REENTRANT) BROWSE INCDIR(.\
                    -Sources\User;.\Sources\User\include;.\Sources\FreeRTOS\include;.\Sources\FreeRTOS\portable\STC32G12K128) DEBUG PRINT(.\L
                    -istings\rtc.lst) TABS(2) OBJECT(.\Objects\rtc.obj) 

stmt  level    source

    1          /*---------------------------------------------------------------------*/
    2          /* --- STC MCU Limited ------------------------------------------------*/
    3          /* --- STC 1T Series MCU Demo Programme -------------------------------*/
    4          /* --- Mobile: (86)13922805190 ----------------------------------------*/
    5          /* --- Fax: 86-0513-55012956,55012947,55012969 ------------------------*/
    6          /* --- Tel: 86-0513-55012928,55012929,55012966 ------------------------*/
    7          /* --- Web: www.STCMCU.com --------------------------------------------*/
    8          /* --- Web: www.STCMCUDATA.com  ---------------------------------------*/
    9          /* --- QQ:  800003751 -------------------------------------------------*/
   10          /* 如果要在程序中使用此代码,请在程序中注明使用了STC的资料及程序            */
   11          /*---------------------------------------------------------------------*/
   12          
   13          /*************  功能说明    **************
   14          
   15          本例程基于STC32G为主控芯片的实验箱进行编写测试。
   16          
   17          用STC的MCU的IO方式驱动8位数码管。
   18          
   19          显示效果为: 模拟数码时钟.
   20          
   21          左边4位LED显示时间(小时,分钟).
   22          
   23          ******************************************/
   24          
   25          #include "FreeRTOS.h"
   26          #include "task.h"
   27          
   28          #include "rtc.h"
   29          #include "display.h"
   30          
   31          static void prvRtcInit( void );
   32          static void prvRtcCounter( void );
   33          
   34          void vRtcUpdateDisplay( void );
   35          
   36          static uint8_t ucDotState;                              //秒闪显示状态
   37          
   38          uint8_t ucHour;                                         //时钟变量(时)
   39          uint8_t ucMinute;                                       //时钟变量(分)
   40          uint8_t ucSecond;                                       //时钟变量(秒)
   41          
   42          /* RTC任务函数 */
   43          portTASK_FUNCTION_PROTO( vRtcTask, pvParameters )
   44          {
   45   1          
   46   1          UNUSED( pvParameters );
   47   1          
   48   1          prvRtcInit();
   49   1          while(1)
   50   1          {
   51   2              prvRtcCounter();
   52   2              vRtcUpdateDisplay();
   53   2      
   54   2              vTaskDelay(500);
   55   2          }
   56   1          
   57   1          vTaskDelete(NULL);
C251 COMPILER V5.60.0,  rtc                                                                21/09/22  15:15:38  PAGE 2   

   58   1      }   
   59          
   60          static void prvRtcInit( void )
   61          {
   62   1          ucHour   = 12;                                      //初始化时间值
   63   1          ucMinute = 0;
   64   1          ucSecond = 0;
   65   1          ucDotState = 0;
   66   1      }
   67          
   68          
   69          /********************** 显示时钟函数 ************************/
   70          void vRtcUpdateDisplay( void )
   71          {
   72   1          pucLEDBuffer[0] = ucHour >= 10 ? ucHour / 10 : DIS_BLACK;
   73   1          pucLEDBuffer[1] = ucHour % 10;
   74   1          pucLEDBuffer[2] = ucMinute / 10;
   75   1          pucLEDBuffer[3] = ucMinute % 10;
   76   1          
   77   1          if (ucDotState)
   78   1              pucLEDBuffer[1] |= DIS_DOT;                     //小时后的小数点做秒闪
   79   1      }
   80          
   81          /********************** 时钟演示函数 ************************/
   82          static void prvRtcCounter( void )
   83          {
   84   1          ucDotState = !ucDotState;
   85   1          
   86   1          if (!ucDotState) return;
   87   1      
   88   1          if(++ucSecond >= 60)
   89   1          {
   90   2              ucSecond = 0;
   91   2              if(++ucMinute >= 60)
   92   2              {
   93   3                  ucMinute = 0;
   94   3                  if(++ucHour >= 24)
   95   3                      ucHour = 0;
   96   3              }
   97   2          }
   98   1      }


Module Information          Static   Overlayable
------------------------------------------------
  code size            =       224     ------
  ecode size           =    ------     ------
  data size            =    ------     ------
  idata size           =    ------     ------
  pdata size           =    ------     ------
  xdata size           =    ------     ------
  xdata-const size     =    ------     ------
  edata size           =         4     ------
  bit size             =    ------     ------
  ebit size            =    ------     ------
  bitaddressable size  =    ------     ------
  ebitaddressable size =    ------     ------
  far data size        =    ------     ------
  huge data size       =    ------     ------
  const size           =    ------     ------
  hconst size          =    ------     ------
End of Module Information.


C251 COMPILATION COMPLETE.  0 WARNING(S),  0 ERROR(S)
